<?xml version="1.0" encoding="UTF-8"?>
<testng-results ignored="0" total="1" passed="1" failed="0" skipped="0">
  <reporter-output>
  </reporter-output>
  <suite started-at="2024-05-03T19:49:31 IST" name="Default suite" finished-at="2024-05-03T19:49:35 IST" duration-ms="4241">
    <groups>
    </groups>
    <test started-at="2024-05-03T19:49:31 IST" name="Default test" finished-at="2024-05-03T19:49:35 IST" duration-ms="4241">
      <class name="MavenParameterTest">
        <test-method signature="launchingGoogleUsingParameterization()[pri:0, instance:MavenParameterTest@57af006c]" started-at="2024-05-03T19:49:31 IST" name="launchingGoogleUsingParameterization" finished-at="2024-05-03T19:49:35 IST" duration-ms="4204" status="PASS">
          <reporter-output>
          </reporter-output>
        </test-method> <!-- launchingGoogleUsingParameterization -->
      </class> <!-- MavenParameterTest -->
    </test> <!-- Default test -->
  </suite> <!-- Default suite -->
</testng-results>
